<?xml version="1.0" encoding="UTF-8"?>
<testng-results ignored="0" total="1" passed="1" failed="0" skipped="0">
  <reporter-output>
  </reporter-output>
  <suite started-at="2022-07-28T16:19:51 EDT" name="Default suite" finished-at="2022-07-28T16:19:51 EDT" duration-ms="99">
    <groups>
    </groups>
    <test started-at="2022-07-28T16:19:51 EDT" name="Default test" finished-at="2022-07-28T16:19:51 EDT" duration-ms="99">
      <class name="com.mln.tests.DemoTest">
        <test-method signature="testLogin()[pri:0, instance:com.mln.tests.DemoTest@446a1e84]" started-at="2022-07-28T16:19:51 EDT" name="testLogin" finished-at="2022-07-28T16:19:51 EDT" duration-ms="59" status="PASS">
          <reporter-output>
          </reporter-output>
        </test-method> <!-- testLogin -->
      </class> <!-- com.mln.tests.DemoTest -->
    </test> <!-- Default test -->
  </suite> <!-- Default suite -->
</testng-results>
